============================= test session starts ==============================
platform darwin -- Python 3.13.3, pytest-9.0.2, pluggy-1.6.0 -- /Users/josh/Projects/gobby/.venv/bin/python
cachedir: .pytest_cache
rootdir: /Users/josh/Projects/gobby
configfile: pyproject.toml
plugins: anyio-4.12.1, mock-3.15.1, xdist-3.8.0, asyncio-1.3.0, cov-7.0.0
asyncio: mode=Mode.AUTO, debug=False, asyncio_default_fixture_loop_scope=None, asyncio_default_test_loop_scope=function
collecting ... collected 9 items

tests/mcp_proxy/tools/skills/test_get_skill.py::TestGetSkillTool::test_get_skill_by_name FAILED [ 11%]
tests/mcp_proxy/tools/skills/test_get_skill.py::TestGetSkillTool::test_get_skill_returns_full_content FAILED [ 22%]
tests/mcp_proxy/tools/skills/test_get_skill.py::TestGetSkillTool::test_get_skill_returns_all_fields FAILED [ 33%]
tests/mcp_proxy/tools/skills/test_get_skill.py::TestGetSkillTool::test_get_skill_returns_metadata FAILED [ 44%]
tests/mcp_proxy/tools/skills/test_get_skill.py::TestGetSkillTool::test_get_skill_not_found FAILED [ 55%]
tests/mcp_proxy/tools/skills/test_get_skill.py::TestGetSkillTool::test_get_skill_by_id FAILED [ 66%]
tests/mcp_proxy/tools/skills/test_get_skill.py::TestGetSkillTool::test_get_skill_prefers_id_over_name FAILED [ 77%]
tests/mcp_proxy/tools/skills/test_get_skill.py::TestGetSkillTool::test_get_skill_requires_identifier FAILED [ 88%]
tests/mcp_proxy/tools/skills/test_get_skill.py::TestGetSkillTool::test_get_skill_minimal_fields FAILED [100%]

=================================== FAILURES ===================================
___________________ TestGetSkillTool.test_get_skill_by_name ____________________

self = <tools.skills.test_get_skill.TestGetSkillTool object at 0x10c518690>
populated_db = <gobby.storage.database.LocalDatabase object at 0x10c51bed0>

    @pytest.mark.asyncio
    async def test_get_skill_by_name(self, populated_db):
        """Test getting a skill by name returns full content."""
        from gobby.mcp_proxy.tools.skills import create_skills_registry
    
>       registry = create_skills_registry(populated_db)
                   ^^^^^^^^^^^^^^^^^^^^^^^^^^^^^^^^^^^^

tests/mcp_proxy/tools/skills/test_get_skill.py:67: 
_ _ _ _ _ _ _ _ _ _ _ _ _ _ _ _ _ _ _ _ _ _ _ _ _ _ _ _ _ _ _ _ _ _ _ _ _ _ _ _ 
src/gobby/mcp_proxy/tools/skills/__init__.py:221: in create_skills_registry
    _index_skills()
src/gobby/mcp_proxy/tools/skills/__init__.py:218: in _index_skills
    search.index_skills(skills)
src/gobby/skills/search.py:211: in index_skills
    asyncio.get_event_loop().run_until_complete(self.index_skills_async(skills))
../../.local/share/uv/python/cpython-3.13.3-macos-aarch64-none/lib/python3.13/asyncio/base_events.py:695: in run_until_complete
    self._check_running()
_ _ _ _ _ _ _ _ _ _ _ _ _ _ _ _ _ _ _ _ _ _ _ _ _ _ _ _ _ _ _ _ _ _ _ _ _ _ _ _ 

self = <_UnixSelectorEventLoop running=False closed=False debug=False>

    def _check_running(self):
        if self.is_running():
>           raise RuntimeError('This event loop is already running')
E           RuntimeError: This event loop is already running

../../.local/share/uv/python/cpython-3.13.3-macos-aarch64-none/lib/python3.13/asyncio/base_events.py:631: RuntimeError
_____________ TestGetSkillTool.test_get_skill_returns_full_content _____________

self = <tools.skills.test_get_skill.TestGetSkillTool object at 0x10c518cd0>
populated_db = <gobby.storage.database.LocalDatabase object at 0x10dc33390>

    @pytest.mark.asyncio
    async def test_get_skill_returns_full_content(self, populated_db):
        """Test that get_skill returns full content field."""
        from gobby.mcp_proxy.tools.skills import create_skills_registry
    
>       registry = create_skills_registry(populated_db)
                   ^^^^^^^^^^^^^^^^^^^^^^^^^^^^^^^^^^^^

tests/mcp_proxy/tools/skills/test_get_skill.py:81: 
_ _ _ _ _ _ _ _ _ _ _ _ _ _ _ _ _ _ _ _ _ _ _ _ _ _ _ _ _ _ _ _ _ _ _ _ _ _ _ _ 
src/gobby/mcp_proxy/tools/skills/__init__.py:221: in create_skills_registry
    _index_skills()
src/gobby/mcp_proxy/tools/skills/__init__.py:218: in _index_skills
    search.index_skills(skills)
src/gobby/skills/search.py:211: in index_skills
    asyncio.get_event_loop().run_until_complete(self.index_skills_async(skills))
../../.local/share/uv/python/cpython-3.13.3-macos-aarch64-none/lib/python3.13/asyncio/base_events.py:695: in run_until_complete
    self._check_running()
_ _ _ _ _ _ _ _ _ _ _ _ _ _ _ _ _ _ _ _ _ _ _ _ _ _ _ _ _ _ _ _ _ _ _ _ _ _ _ _ 

self = <_UnixSelectorEventLoop running=False closed=False debug=False>

    def _check_running(self):
        if self.is_running():
>           raise RuntimeError('This event loop is already running')
E           RuntimeError: This event loop is already running

../../.local/share/uv/python/cpython-3.13.3-macos-aarch64-none/lib/python3.13/asyncio/base_events.py:631: RuntimeError
______________ TestGetSkillTool.test_get_skill_returns_all_fields ______________

self = <tools.skills.test_get_skill.TestGetSkillTool object at 0x10c4aed70>
populated_db = <gobby.storage.database.LocalDatabase object at 0x10dd788a0>

    @pytest.mark.asyncio
    async def test_get_skill_returns_all_fields(self, populated_db):
        """Test that get_skill returns all skill fields."""
        from gobby.mcp_proxy.tools.skills import create_skills_registry
    
>       registry = create_skills_registry(populated_db)
                   ^^^^^^^^^^^^^^^^^^^^^^^^^^^^^^^^^^^^

tests/mcp_proxy/tools/skills/test_get_skill.py:98: 
_ _ _ _ _ _ _ _ _ _ _ _ _ _ _ _ _ _ _ _ _ _ _ _ _ _ _ _ _ _ _ _ _ _ _ _ _ _ _ _ 
src/gobby/mcp_proxy/tools/skills/__init__.py:221: in create_skills_registry
    _index_skills()
src/gobby/mcp_proxy/tools/skills/__init__.py:218: in _index_skills
    search.index_skills(skills)
src/gobby/skills/search.py:211: in index_skills
    asyncio.get_event_loop().run_until_complete(self.index_skills_async(skills))
../../.local/share/uv/python/cpython-3.13.3-macos-aarch64-none/lib/python3.13/asyncio/base_events.py:695: in run_until_complete
    self._check_running()
_ _ _ _ _ _ _ _ _ _ _ _ _ _ _ _ _ _ _ _ _ _ _ _ _ _ _ _ _ _ _ _ _ _ _ _ _ _ _ _ 

self = <_UnixSelectorEventLoop running=False closed=False debug=False>

    def _check_running(self):
        if self.is_running():
>           raise RuntimeError('This event loop is already running')
E           RuntimeError: This event loop is already running

../../.local/share/uv/python/cpython-3.13.3-macos-aarch64-none/lib/python3.13/asyncio/base_events.py:631: RuntimeError
_______________ TestGetSkillTool.test_get_skill_returns_metadata _______________

self = <tools.skills.test_get_skill.TestGetSkillTool object at 0x10c4aefd0>
populated_db = <gobby.storage.database.LocalDatabase object at 0x10dd795b0>

    @pytest.mark.asyncio
    async def test_get_skill_returns_metadata(self, populated_db):
        """Test that get_skill returns metadata including skillport."""
        from gobby.mcp_proxy.tools.skills import create_skills_registry
    
>       registry = create_skills_registry(populated_db)
                   ^^^^^^^^^^^^^^^^^^^^^^^^^^^^^^^^^^^^

tests/mcp_proxy/tools/skills/test_get_skill.py:121: 
_ _ _ _ _ _ _ _ _ _ _ _ _ _ _ _ _ _ _ _ _ _ _ _ _ _ _ _ _ _ _ _ _ _ _ _ _ _ _ _ 
src/gobby/mcp_proxy/tools/skills/__init__.py:221: in create_skills_registry
    _index_skills()
src/gobby/mcp_proxy/tools/skills/__init__.py:218: in _index_skills
    search.index_skills(skills)
src/gobby/skills/search.py:211: in index_skills
    asyncio.get_event_loop().run_until_complete(self.index_skills_async(skills))
../../.local/share/uv/python/cpython-3.13.3-macos-aarch64-none/lib/python3.13/asyncio/base_events.py:695: in run_until_complete
    self._check_running()
_ _ _ _ _ _ _ _ _ _ _ _ _ _ _ _ _ _ _ _ _ _ _ _ _ _ _ _ _ _ _ _ _ _ _ _ _ _ _ _ 

self = <_UnixSelectorEventLoop running=False closed=False debug=False>

    def _check_running(self):
        if self.is_running():
>           raise RuntimeError('This event loop is already running')
E           RuntimeError: This event loop is already running

../../.local/share/uv/python/cpython-3.13.3-macos-aarch64-none/lib/python3.13/asyncio/base_events.py:631: RuntimeError
__________________ TestGetSkillTool.test_get_skill_not_found ___________________

self = <tools.skills.test_get_skill.TestGetSkillTool object at 0x10c4edeb0>
populated_db = <gobby.storage.database.LocalDatabase object at 0x10dca1d90>

    @pytest.mark.asyncio
    async def test_get_skill_not_found(self, populated_db):
        """Test that get_skill returns error for non-existent skill."""
        from gobby.mcp_proxy.tools.skills import create_skills_registry
    
>       registry = create_skills_registry(populated_db)
                   ^^^^^^^^^^^^^^^^^^^^^^^^^^^^^^^^^^^^

tests/mcp_proxy/tools/skills/test_get_skill.py:139: 
_ _ _ _ _ _ _ _ _ _ _ _ _ _ _ _ _ _ _ _ _ _ _ _ _ _ _ _ _ _ _ _ _ _ _ _ _ _ _ _ 
src/gobby/mcp_proxy/tools/skills/__init__.py:221: in create_skills_registry
    _index_skills()
src/gobby/mcp_proxy/tools/skills/__init__.py:218: in _index_skills
    search.index_skills(skills)
src/gobby/skills/search.py:211: in index_skills
    asyncio.get_event_loop().run_until_complete(self.index_skills_async(skills))
../../.local/share/uv/python/cpython-3.13.3-macos-aarch64-none/lib/python3.13/asyncio/base_events.py:695: in run_until_complete
    self._check_running()
_ _ _ _ _ _ _ _ _ _ _ _ _ _ _ _ _ _ _ _ _ _ _ _ _ _ _ _ _ _ _ _ _ _ _ _ _ _ _ _ 

self = <_UnixSelectorEventLoop running=False closed=False debug=False>

    def _check_running(self):
        if self.is_running():
>           raise RuntimeError('This event loop is already running')
E           RuntimeError: This event loop is already running

../../.local/share/uv/python/cpython-3.13.3-macos-aarch64-none/lib/python3.13/asyncio/base_events.py:631: RuntimeError
____________________ TestGetSkillTool.test_get_skill_by_id _____________________

self = <tools.skills.test_get_skill.TestGetSkillTool object at 0x10c5157b0>
populated_db = <gobby.storage.database.LocalDatabase object at 0x10dd186b0>
storage = <gobby.storage.skills.LocalSkillManager object at 0x10dc99d60>

    @pytest.mark.asyncio
    async def test_get_skill_by_id(self, populated_db, storage):
        """Test getting a skill by ID."""
        from gobby.mcp_proxy.tools.skills import create_skills_registry
    
        # Get the actual skill ID
        skill = storage.get_by_name("git-commit")
    
>       registry = create_skills_registry(populated_db)
                   ^^^^^^^^^^^^^^^^^^^^^^^^^^^^^^^^^^^^

tests/mcp_proxy/tools/skills/test_get_skill.py:155: 
_ _ _ _ _ _ _ _ _ _ _ _ _ _ _ _ _ _ _ _ _ _ _ _ _ _ _ _ _ _ _ _ _ _ _ _ _ _ _ _ 
src/gobby/mcp_proxy/tools/skills/__init__.py:221: in create_skills_registry
    _index_skills()
src/gobby/mcp_proxy/tools/skills/__init__.py:218: in _index_skills
    search.index_skills(skills)
src/gobby/skills/search.py:211: in index_skills
    asyncio.get_event_loop().run_until_complete(self.index_skills_async(skills))
../../.local/share/uv/python/cpython-3.13.3-macos-aarch64-none/lib/python3.13/asyncio/base_events.py:695: in run_until_complete
    self._check_running()
_ _ _ _ _ _ _ _ _ _ _ _ _ _ _ _ _ _ _ _ _ _ _ _ _ _ _ _ _ _ _ _ _ _ _ _ _ _ _ _ 

self = <_UnixSelectorEventLoop running=False closed=False debug=False>

    def _check_running(self):
        if self.is_running():
>           raise RuntimeError('This event loop is already running')
E           RuntimeError: This event loop is already running

../../.local/share/uv/python/cpython-3.13.3-macos-aarch64-none/lib/python3.13/asyncio/base_events.py:631: RuntimeError
_____________ TestGetSkillTool.test_get_skill_prefers_id_over_name _____________

self = <tools.skills.test_get_skill.TestGetSkillTool object at 0x10c5159d0>
populated_db = <gobby.storage.database.LocalDatabase object at 0x10dd1a690>
storage = <gobby.storage.skills.LocalSkillManager object at 0x10dd28e50>

    @pytest.mark.asyncio
    async def test_get_skill_prefers_id_over_name(self, populated_db, storage):
        """Test that skill_id takes precedence over name."""
        from gobby.mcp_proxy.tools.skills import create_skills_registry
    
        # Get the actual skill ID for minimal-skill
        skill = storage.get_by_name("minimal-skill")
    
>       registry = create_skills_registry(populated_db)
                   ^^^^^^^^^^^^^^^^^^^^^^^^^^^^^^^^^^^^

tests/mcp_proxy/tools/skills/test_get_skill.py:171: 
_ _ _ _ _ _ _ _ _ _ _ _ _ _ _ _ _ _ _ _ _ _ _ _ _ _ _ _ _ _ _ _ _ _ _ _ _ _ _ _ 
src/gobby/mcp_proxy/tools/skills/__init__.py:221: in create_skills_registry
    _index_skills()
src/gobby/mcp_proxy/tools/skills/__init__.py:218: in _index_skills
    search.index_skills(skills)
src/gobby/skills/search.py:211: in index_skills
    asyncio.get_event_loop().run_until_complete(self.index_skills_async(skills))
../../.local/share/uv/python/cpython-3.13.3-macos-aarch64-none/lib/python3.13/asyncio/base_events.py:695: in run_until_complete
    self._check_running()
_ _ _ _ _ _ _ _ _ _ _ _ _ _ _ _ _ _ _ _ _ _ _ _ _ _ _ _ _ _ _ _ _ _ _ _ _ _ _ _ 

self = <_UnixSelectorEventLoop running=False closed=False debug=False>

    def _check_running(self):
        if self.is_running():
>           raise RuntimeError('This event loop is already running')
E           RuntimeError: This event loop is already running

../../.local/share/uv/python/cpython-3.13.3-macos-aarch64-none/lib/python3.13/asyncio/base_events.py:631: RuntimeError
_____________ TestGetSkillTool.test_get_skill_requires_identifier ______________

self = <tools.skills.test_get_skill.TestGetSkillTool object at 0x10c4b9e50>
populated_db = <gobby.storage.database.LocalDatabase object at 0x10dc97350>

    @pytest.mark.asyncio
    async def test_get_skill_requires_identifier(self, populated_db):
        """Test that get_skill requires either name or skill_id."""
        from gobby.mcp_proxy.tools.skills import create_skills_registry
    
>       registry = create_skills_registry(populated_db)
                   ^^^^^^^^^^^^^^^^^^^^^^^^^^^^^^^^^^^^

tests/mcp_proxy/tools/skills/test_get_skill.py:185: 
_ _ _ _ _ _ _ _ _ _ _ _ _ _ _ _ _ _ _ _ _ _ _ _ _ _ _ _ _ _ _ _ _ _ _ _ _ _ _ _ 
src/gobby/mcp_proxy/tools/skills/__init__.py:221: in create_skills_registry
    _index_skills()
src/gobby/mcp_proxy/tools/skills/__init__.py:218: in _index_skills
    search.index_skills(skills)
src/gobby/skills/search.py:211: in index_skills
    asyncio.get_event_loop().run_until_complete(self.index_skills_async(skills))
../../.local/share/uv/python/cpython-3.13.3-macos-aarch64-none/lib/python3.13/asyncio/base_events.py:695: in run_until_complete
    self._check_running()
_ _ _ _ _ _ _ _ _ _ _ _ _ _ _ _ _ _ _ _ _ _ _ _ _ _ _ _ _ _ _ _ _ _ _ _ _ _ _ _ 

self = <_UnixSelectorEventLoop running=False closed=False debug=False>

    def _check_running(self):
        if self.is_running():
>           raise RuntimeError('This event loop is already running')
E           RuntimeError: This event loop is already running

../../.local/share/uv/python/cpython-3.13.3-macos-aarch64-none/lib/python3.13/asyncio/base_events.py:631: RuntimeError
________________ TestGetSkillTool.test_get_skill_minimal_fields ________________

self = <tools.skills.test_get_skill.TestGetSkillTool object at 0x10c4b9c50>
populated_db = <gobby.storage.database.LocalDatabase object at 0x10dc96b50>

    @pytest.mark.asyncio
    async def test_get_skill_minimal_fields(self, populated_db):
        """Test getting a skill with minimal fields set."""
        from gobby.mcp_proxy.tools.skills import create_skills_registry
    
>       registry = create_skills_registry(populated_db)
                   ^^^^^^^^^^^^^^^^^^^^^^^^^^^^^^^^^^^^

tests/mcp_proxy/tools/skills/test_get_skill.py:198: 
_ _ _ _ _ _ _ _ _ _ _ _ _ _ _ _ _ _ _ _ _ _ _ _ _ _ _ _ _ _ _ _ _ _ _ _ _ _ _ _ 
src/gobby/mcp_proxy/tools/skills/__init__.py:221: in create_skills_registry
    _index_skills()
src/gobby/mcp_proxy/tools/skills/__init__.py:218: in _index_skills
    search.index_skills(skills)
src/gobby/skills/search.py:211: in index_skills
    asyncio.get_event_loop().run_until_complete(self.index_skills_async(skills))
../../.local/share/uv/python/cpython-3.13.3-macos-aarch64-none/lib/python3.13/asyncio/base_events.py:695: in run_until_complete
    self._check_running()
_ _ _ _ _ _ _ _ _ _ _ _ _ _ _ _ _ _ _ _ _ _ _ _ _ _ _ _ _ _ _ _ _ _ _ _ _ _ _ _ 

self = <_UnixSelectorEventLoop running=False closed=False debug=False>

    def _check_running(self):
        if self.is_running():
>           raise RuntimeError('This event loop is already running')
E           RuntimeError: This event loop is already running

../../.local/share/uv/python/cpython-3.13.3-macos-aarch64-none/lib/python3.13/asyncio/base_events.py:631: RuntimeError
================================ tests coverage ================================
_______________ coverage: platform darwin, python 3.13.3-final-0 _______________

Name                                                       Stmts   Miss  Cover   Missing
----------------------------------------------------------------------------------------
src/gobby/__init__.py                                          1      0   100%
src/gobby/adapters/__init__.py                                 5      5     0%   18-23
src/gobby/adapters/base.py                                    17     17     0%   8-93
src/gobby/adapters/claude_code.py                             64     64     0%   18-276
src/gobby/adapters/codex.py                                  469    469     0%   31-1292
src/gobby/adapters/gemini.py                                  93     93     0%   23-343
src/gobby/agents/__init__.py                                   4      4     0%   26-30
src/gobby/agents/codex_session.py                             46     46     0%   10-116
src/gobby/agents/constants.py                                 19     19     0%   18-102
src/gobby/agents/context.py                                  123    123     0%   12-362
src/gobby/agents/definitions.py                               58     58     0%   9-133
src/gobby/agents/gemini_session.py                            41     41     0%   11-111
src/gobby/agents/registry.py                                 238    238     0%   9-618
src/gobby/agents/runner.py                                   305    305     0%   11-976
src/gobby/agents/session.py                                   94     94     0%   9-259
src/gobby/agents/spawn.py                                    229    229     0%   3-916
src/gobby/agents/spawners/__init__.py                          8      8     0%   19-50
src/gobby/agents/spawners/base.py                             80     80     0%   3-142
src/gobby/agents/spawners/cross_platform.py                  109    109     0%   3-262
src/gobby/agents/spawners/embedded.py                         70     70     0%   3-225
src/gobby/agents/spawners/headless.py                         67     67     0%   3-226
src/gobby/agents/spawners/linux.py                            60     60     0%   3-121
src/gobby/agents/spawners/macos.py                           113    113     0%   3-273
src/gobby/agents/spawners/windows.py                         145    145     0%   3-304
src/gobby/agents/tty_config.py                                66     66     0%   8-319
src/gobby/autonomous/__init__.py                               4      4     0%   9-22
src/gobby/autonomous/progress_tracker.py                     123    123     0%   7-438
src/gobby/autonomous/stop_registry.py                         66     66     0%   9-269
src/gobby/autonomous/stuck_detector.py                       110    110     0%   9-383
src/gobby/cli/__init__.py                                     56     56     0%   5-73
src/gobby/cli/__main__.py                                      1      1     0%   5
src/gobby/cli/agents.py                                      274    274     0%   13-529
src/gobby/cli/artifacts.py                                   135    135     0%   3-266
src/gobby/cli/clones.py                                      222    222     0%   13-413
src/gobby/cli/conductor.py                                   153    153     0%   12-266
src/gobby/cli/daemon.py                                      174    174     0%   5-329
src/gobby/cli/extensions.py                                  271    271     0%   5-526
src/gobby/cli/github.py                                      141    141     0%   7-263
src/gobby/cli/init.py                                         37     37     0%   5-53
src/gobby/cli/install.py                                     365    365     0%   5-614
src/gobby/cli/installers/__init__.py                           7      7     0%   8-19
src/gobby/cli/installers/antigravity.py                       16     16     0%   11-59
src/gobby/cli/installers/claude.py                           216    216     0%   8-363
src/gobby/cli/installers/codex.py                             95     95     0%   8-186
src/gobby/cli/installers/gemini.py                           137    137     0%   8-288
src/gobby/cli/installers/git_hooks.py                        121    121     0%   14-377
src/gobby/cli/installers/shared.py                           386    386     0%   8-786
src/gobby/cli/linear.py                                      143    143     0%   7-250
src/gobby/cli/mcp.py                                           9      9     0%   5-30
src/gobby/cli/mcp_proxy.py                                   387    387     0%   14-698
src/gobby/cli/memory.py                                      162    162     0%   1-304
src/gobby/cli/merge.py                                       200    200     0%   12-384
src/gobby/cli/projects.py                                     50     50     0%   5-79
src/gobby/cli/sessions.py                                    368    368     0%   5-622
src/gobby/cli/skills.py                                      453    453     0%   10-858
src/gobby/cli/tasks/__init__.py                                3      3     0%   14-23
src/gobby/cli/tasks/_utils.py                                307    307     0%   5-658
src/gobby/cli/tasks/ai.py                                    338    338     0%   5-585
src/gobby/cli/tasks/commits.py                                97     97     0%   5-169
src/gobby/cli/tasks/crud.py                                  393    393     0%   5-723
src/gobby/cli/tasks/deps.py                                   76     76     0%   5-135
src/gobby/cli/tasks/labels.py                                 41     41     0%   5-63
src/gobby/cli/tasks/main.py                                  163    163     0%   5-269
src/gobby/cli/tasks/search.py                                 56     56     0%   5-178
src/gobby/cli/tui.py                                           9      9     0%   3-34
src/gobby/cli/utils.py                                       246    246     0%   5-513
src/gobby/cli/workflows.py                                   541    541     0%   5-927
src/gobby/cli/worktrees.py                                   302    302     0%   17-481
src/gobby/clones/__init__.py                                   2      2     0%   7-9
src/gobby/clones/git.py                                      166    166     0%   6-543
src/gobby/conductor/__init__.py                                4      4     0%   12-16
src/gobby/conductor/alerts.py                                 50     50     0%   9-135
src/gobby/conductor/loop.py                                   58     58     0%   10-164
src/gobby/conductor/monitors/__init__.py                       3      3     0%   8-11
src/gobby/conductor/monitors/agents.py                        30     30     0%   7-116
src/gobby/conductor/monitors/tasks.py                         40     40     0%   8-155
src/gobby/conductor/pricing.py                                81     81     0%   9-227
src/gobby/conductor/token_tracker.py                          53     53     0%   7-160
src/gobby/config/__init__.py                                  10      0   100%
src/gobby/config/app.py                                      177     98    45%   170-184, 355, 359, 363, 367, 371, 375, 379, 383, 387, 391, 395, 399, 405-407, 413-415, 431-464, 481-498, 508-519, 541-579, 596-613
src/gobby/config/extensions.py                                34      0   100%
src/gobby/config/features.py                                  92     17    82%   142-144, 330-332, 397-400, 408-413, 471-472
src/gobby/config/llm_providers.py                             26     11    58%   31, 89-98
src/gobby/config/logging.py                                   19      3    84%   64-66
src/gobby/config/mcp.py                                      118    118     0%   8-346
src/gobby/config/persistence.py                               74     20    73%   104-107, 185-187, 193-195, 201-206, 212-215, 245-247
src/gobby/config/search.py                                    14      4    71%   87-91
src/gobby/config/servers.py                                   57     18    68%   42-44, 50-52, 115-117, 123-125, 131-133, 139-141
src/gobby/config/sessions.py                                  62     12    81%   54-56, 102-104, 203-205, 248-250
src/gobby/config/skills.py                                    14      4    71%   40-43
src/gobby/config/tasks.py                                    110     16    85%   335-337, 343-345, 701-703, 763-776
src/gobby/hooks/__init__.py                                   13     13     0%   46-76
src/gobby/hooks/artifact_capture.py                           79     79     0%   13-213
src/gobby/hooks/broadcaster.py                                82     82     0%   7-243
src/gobby/hooks/event_handlers.py                            421    421     0%   11-842
src/gobby/hooks/events.py                                     50     50     0%   13-142
src/gobby/hooks/git.py                                        61     61     0%   7-169
src/gobby/hooks/health_monitor.py                             72     72     0%   11-171
src/gobby/hooks/hook_manager.py                              333    333     0%   30-862
src/gobby/hooks/hook_types.py                                180    180     0%   36-561
src/gobby/hooks/plugins.py                                   264    264     0%   11-813
src/gobby/hooks/session_coordinator.py                       143    143     0%   12-396
src/gobby/hooks/skill_manager.py                              40     40     0%   7-130
src/gobby/hooks/verification_runner.py                        88     88     0%   6-268
src/gobby/hooks/webhooks.py                                  121    121     0%   11-339
src/gobby/integrations/__init__.py                             3      0   100%
src/gobby/integrations/github.py                              51     40    22%   45-49, 64-76, 81-95, 99-100, 108-131, 143-145
src/gobby/integrations/linear.py                              51     40    22%   45-49, 64-76, 81-95, 99-100, 108-131, 143-145
src/gobby/llm/__init__.py                                      7      0   100%
src/gobby/llm/base.py                                         23      6    74%   33, 46, 62, 78, 98, 120
src/gobby/llm/claude.py                                      244    205    16%   71, 80-82, 91-106, 118-148, 156-206, 214-264, 275-324, 367-485, 507-566
src/gobby/llm/claude_executor.py                              91     74    19%   75-92, 97, 127, 153-287
src/gobby/llm/codex.py                                       117    117     0%   13-322
src/gobby/llm/codex_executor.py                               79     79     0%   12-275
src/gobby/llm/executor.py                                     95     20    79%   169, 204, 245-337
src/gobby/llm/factory.py                                       6      1    83%   34
src/gobby/llm/gemini.py                                       96     96     0%   11-282
src/gobby/llm/litellm.py                                     104    104     0%   11-287
src/gobby/llm/litellm_executor.py                            137    137     0%   13-433
src/gobby/llm/resolver.py                                    187    187     0%   13-561
src/gobby/llm/service.py                                      75     60    20%   56-65, 80-126, 145, 176-195, 207-219, 224-226, 231, 234-236
src/gobby/mcp_proxy/__init__.py                                3      0   100%
src/gobby/mcp_proxy/actions.py                                43     43     0%   7-171
src/gobby/mcp_proxy/daemon_control.py                         95     95     0%   3-198
src/gobby/mcp_proxy/importer.py                              138    138     0%   3-436
src/gobby/mcp_proxy/instructions.py                            2      1    50%   23
src/gobby/mcp_proxy/lazy.py                                  129     72    44%   55-57, 61-71, 75-97, 111-112, 134, 138-139, 143-145, 149-150, 181-184, 195-200, 209-210, 222, 234-235, 247-250, 259-262, 272-275, 289-291, 300, 321-323
src/gobby/mcp_proxy/manager.py                               368    324    12%   84-145, 156-169, 174, 178, 182, 186-190, 194, 198-237, 245-265, 269, 274, 289-355, 369, 373-395, 400-432, 436-470, 493-563, 583, 593-628, 632-642, 654-683, 692-703, 707-742, 746-755, 759, 774-776, 786-798
src/gobby/mcp_proxy/metrics.py                               151    151     0%   3-604
src/gobby/mcp_proxy/models.py                                 65     23    65%   30-31, 66-70, 79-87, 128-139
src/gobby/mcp_proxy/registries.py                             99     99     0%   3-275
src/gobby/mcp_proxy/schema_hash.py                            86     86     0%   7-378
src/gobby/mcp_proxy/semantic_search.py                       195    195     0%   10-706
src/gobby/mcp_proxy/server.py                                171    138    19%   43-57, 69, 73-87, 109-130, 134, 138, 142, 158, 164, 174, 200, 232-263, 285-317, 328-369, 391-449, 460-486, 502-538, 546-579
src/gobby/mcp_proxy/services/__init__.py                       0      0   100%
src/gobby/mcp_proxy/services/fallback.py                      77     77     0%   7-306
src/gobby/mcp_proxy/services/recommendation.py                80     67    16%   29-33, 37-41, 70-81, 87-129, 136-186, 190-224
src/gobby/mcp_proxy/services/server_mgmt.py                   79     69    13%   30-32, 47-106, 113-141, 162-214
src/gobby/mcp_proxy/services/system.py                        22     14    36%   18-21, 25-62
src/gobby/mcp_proxy/services/tool_filter.py                   92     92     0%   3-231
src/gobby/mcp_proxy/services/tool_proxy.py                   139    123    12%   19-25, 39-43, 55-75, 83-101, 122-162, 184-261, 265, 270-289, 304-319, 339-350
src/gobby/mcp_proxy/stdio.py                                 142    142     0%   8-562
src/gobby/mcp_proxy/tools/__init__.py                          7      0   100%
src/gobby/mcp_proxy/tools/agent_messaging.py                  74     74     0%   14-314
src/gobby/mcp_proxy/tools/agents.py                          289    289     0%   14-1103
src/gobby/mcp_proxy/tools/artifacts.py                        48     48     0%   14-207
src/gobby/mcp_proxy/tools/clones.py                          165    165     0%   13-903
src/gobby/mcp_proxy/tools/hub.py                              85     85     0%   13-335
src/gobby/mcp_proxy/tools/internal.py                        104     41    61%   39, 45-49, 53, 55, 59, 61, 63, 65, 67, 159, 165, 194-202, 211, 229-233, 241, 255, 264-265, 277-279, 291, 300, 316, 330-333, 337
src/gobby/mcp_proxy/tools/memory.py                          124    124     0%   17-520
src/gobby/mcp_proxy/tools/merge.py                           110    110     0%   15-422
src/gobby/mcp_proxy/tools/metrics.py                          84     84     0%   12-347
src/gobby/mcp_proxy/tools/orchestration/__init__.py            7      0   100%
src/gobby/mcp_proxy/tools/orchestration/cleanup.py           210    201     4%   29-628, 678-767
src/gobby/mcp_proxy/tools/orchestration/monitor.py           123    115     7%   29-362
src/gobby/mcp_proxy/tools/orchestration/orchestrate.py       205    195     5%   34-638, 724-746
src/gobby/mcp_proxy/tools/orchestration/review.py            196    187     5%   29-659, 712-736
src/gobby/mcp_proxy/tools/orchestration/utils.py               6      2    67%   15-16
src/gobby/mcp_proxy/tools/orchestration/wait.py              132    121     8%   38-441
src/gobby/mcp_proxy/tools/session_messages.py                365    365     0%   14-1055
src/gobby/mcp_proxy/tools/skills/__init__.py                 178    153    14%   39-40, 90-128, 156-201, 223-612
src/gobby/mcp_proxy/tools/task_dependencies.py                69     59    14%   29-30, 38-39, 57-219
src/gobby/mcp_proxy/tools/task_github.py                     101     92     9%   56-393
src/gobby/mcp_proxy/tools/task_linear.py                      99     99     0%   14-379
src/gobby/mcp_proxy/tools/task_orchestration.py               20      8    60%   33-84
src/gobby/mcp_proxy/tools/task_readiness.py                  164    147    10%   36-37, 62-85, 107-122, 140-154, 175-193, 201-202, 218-536
src/gobby/mcp_proxy/tools/task_sync.py                       110    100     9%   32-33, 41-42, 66-351
src/gobby/mcp_proxy/tools/task_validation.py                 239    231     3%   53-843
src/gobby/mcp_proxy/tools/tasks/__init__.py                    4      0   100%
src/gobby/mcp_proxy/tools/tasks/_context.py                   52     25    52%   56-71, 75-78, 82-86, 90-92
src/gobby/mcp_proxy/tools/tasks/_crud.py                     144    133     8%   27-492, 531-558
src/gobby/mcp_proxy/tools/tasks/_expansion.py                104     94    10%   31-348
src/gobby/mcp_proxy/tools/tasks/_factory.py                   59     40    32%   63-166
src/gobby/mcp_proxy/tools/tasks/_helpers.py                   16     12    25%   112-121, 126-129
src/gobby/mcp_proxy/tools/tasks/_lifecycle.py                159    150     6%   32-546
src/gobby/mcp_proxy/tools/tasks/_lifecycle_validation.py      94     76    19%   53-87, 99-132, 148-166, 188-236, 262-329, 350-356
src/gobby/mcp_proxy/tools/tasks/_resolution.py                15     11    27%   39-55
src/gobby/mcp_proxy/tools/tasks/_search.py                    37     31    16%   23-215
src/gobby/mcp_proxy/tools/tasks/_session.py                   35     29    17%   24-125
src/gobby/mcp_proxy/tools/workflows.py                       299    299     0%   26-973
src/gobby/mcp_proxy/tools/worktrees.py                       345    345     0%   14-1269
src/gobby/mcp_proxy/transports/__init__.py                     0      0   100%
src/gobby/mcp_proxy/transports/base.py                        42     24    43%   38-45, 49, 53, 58, 63, 68, 72, 84-95
src/gobby/mcp_proxy/transports/factory.py                     13      5    62%   32-44
src/gobby/mcp_proxy/transports/http.py                        86     72    16%   24-29, 33-69, 73-116, 120-131, 135-139
src/gobby/mcp_proxy/transports/stdio.py                      108     89    18%   30-44, 56-59, 71-74, 93-97, 101-179, 184-213
src/gobby/mcp_proxy/transports/websocket.py                   78     65    17%   30-31, 35-100, 105-136
src/gobby/prompts/__init__.py                                  3      0   100%
src/gobby/prompts/loader.py                                  118     92    22%   52-67, 79, 83, 95-103, 115-127, 142-175, 197-210, 224-251, 265-269, 280, 291-310, 321, 333, 346
src/gobby/prompts/models.py                                   34     13    62%   69-83, 98, 109-113
src/gobby/runner.py                                          262    262     0%   1-478
src/gobby/search/__init__.py                                   7      0   100%
src/gobby/search/backends/__init__.py                         34     14    59%   55, 72, 80, 88, 92, 119, 129, 137, 141, 145-147, 151, 155
src/gobby/search/backends/embedding.py                        73     57    22%   29-39, 75-83, 95, 112-140, 163-192, 196, 200, 210-213, 223
src/gobby/search/embeddings.py                                49     39    20%   62-91, 116-122, 144-171, 185, 207
src/gobby/search/models.py                                    39      8    79%   94, 102-106, 136, 147-148
src/gobby/search/protocol.py                                  25     12    52%   37, 52, 61, 70-71, 74, 78, 96-104
src/gobby/search/tfidf.py                                     82     69    16%   68-79, 83-99, 113-134, 148-185, 194, 203, 212-225, 229-232
src/gobby/search/unified.py                                  181    145    20%   105, 109-111, 115-121, 130-146, 154-166, 183-268, 290-317, 325-357, 365, 373, 381, 389-414, 422-437, 441-450, 458-459
src/gobby/servers/__init__.py                                  0      0   100%
src/gobby/servers/http.py                                    243    243     0%   8-647
src/gobby/servers/models.py                                   13     13     0%   5-31
src/gobby/servers/routes/__init__.py                           4      4     0%   7-16
src/gobby/servers/routes/admin.py                            281    281     0%   7-696
src/gobby/servers/routes/dependencies.py                      42     42     0%   10-118
src/gobby/servers/routes/mcp/__init__.py                       5      5     0%   14-19
src/gobby/servers/routes/mcp/hooks.py                         60     60     0%   8-135
src/gobby/servers/routes/mcp/plugins.py                       42     42     0%   8-121
src/gobby/servers/routes/mcp/tools.py                        601    601     0%   8-1391
src/gobby/servers/routes/mcp/webhooks.py                      60     60     0%   8-159
src/gobby/servers/routes/sessions.py                         265    265     0%   7-582
src/gobby/servers/websocket.py                               241    241     0%   10-758
src/gobby/sessions/__init__.py                                 3      3     0%   10-13
src/gobby/sessions/analyzer.py                               145    145     0%   8-324
src/gobby/sessions/lifecycle.py                              121    121     0%   9-236
src/gobby/sessions/manager.py                                192    192     0%   13-563
src/gobby/sessions/processor.py                              105    105     0%   8-225
src/gobby/sessions/summary.py                                230    230     0%   9-532
src/gobby/sessions/transcripts/__init__.py                     9      9     0%   7-41
src/gobby/sessions/transcripts/base.py                        37     37     0%   7-125
src/gobby/sessions/transcripts/claude.py                     145    145     0%   7-386
src/gobby/sessions/transcripts/codex.py                       65     65     0%   7-143
src/gobby/sessions/transcripts/gemini.py                      92     92     0%   7-195
src/gobby/skills/__init__.py                                   8      0   100%
src/gobby/skills/loader.py                                   266    223    16%   53, 58-59, 84-102, 107-121, 127-151, 164-191, 211-261, 288-328, 335-336, 373-374, 395-446, 458-485, 507-532, 548-559, 589-616, 644-685
src/gobby/skills/manager.py                                   75     51    32%   70-80, 85, 90, 98-133, 176, 204, 220, 245, 262, 286, 313, 321-340, 348, 363, 381
src/gobby/skills/parser.py                                    97     66    32%   86-90, 94-102, 106-109, 113, 135-136, 151-169, 185-226, 252-258
src/gobby/skills/search.py                                   151     92    39%   60, 138, 140, 160, 165, 170, 184-199, 222-254, 274-299, 319-321, 335-354, 362-369, 377-384, 392-395, 403-405, 413, 421, 429, 437-450, 454-459
src/gobby/skills/sync.py                                      43     43     0%   7-119
src/gobby/skills/updater.py                                  126     83    34%   40-41, 124-126, 143-227, 248-261, 265, 283-298, 302-317, 326-360, 364, 376
src/gobby/skills/validator.py                                117     88    25%   51-52, 56, 60-63, 67, 91-125, 141-152, 168-179, 197-220, 236-246, 263-273, 326-354, 368
src/gobby/storage/__init__.py                                  9      0   100%
src/gobby/storage/agents.py                                   99     99     0%   3-409
src/gobby/storage/artifact_classifier.py                     141    141     0%   14-341
src/gobby/storage/artifacts.py                               104    104     0%   8-285
src/gobby/storage/clones.py                                   98     98     0%   7-378
src/gobby/storage/compaction.py                               23     23     0%   3-63
src/gobby/storage/database.py                                156     55    65%   24, 29, 34, 39, 63, 68, 73, 77, 81, 85, 89, 99, 103, 107, 134-136, 190-197, 205, 258-284, 301-303, 320-321, 334-337, 345-349, 353, 357
src/gobby/storage/inter_session_messages.py                   46     22    52%   51, 67, 91, 111-123, 142-149, 161-170, 184-194
src/gobby/storage/mcp.py                                     241    187    22%   37, 55, 73-92, 110, 122, 138, 166-209, 220-227, 231-232, 249-260, 274-279, 289-329, 339-344, 360-392, 402-410, 440-546, 563-616, 634-680
src/gobby/storage/memories.py                                192    192     0%   1-562
src/gobby/storage/merge_resolutions.py                       171    171     0%   7-550
src/gobby/storage/migrations.py                              183     53    71%   580-581, 591-592, 602-603, 616, 626-627, 634, 639-640, 643-644, 655, 661-664, 679-680, 715-716, 725-726, 740-741, 795-803, 816-817, 859, 871, 874-880, 919, 971-974, 983-985, 1020-1027
src/gobby/storage/migrations_legacy.py                        79     79     0%   10-253
src/gobby/storage/projects.py                                 59     30    49%   30, 43, 60, 79-90, 101-102, 106-107, 116-119, 123-124, 137-156, 165-166
src/gobby/storage/session_messages.py                         76     76     0%   5-251
src/gobby/storage/session_tasks.py                            33     19    42%   17, 29-44, 53-61, 68-87, 94-97
src/gobby/storage/sessions.py                                272    199    27%   59, 101-108, 112, 150, 188-275, 279-280, 301-335, 360-367, 388-398, 410-418, 422-427, 431-436, 445-456, 460-470, 474-479, 505-524, 545-571, 590-610, 619-620, 624-625, 637-650, 665-678, 692-703, 715-720, 732-737, 749-776, 792-808, 825-847, 873-890
src/gobby/storage/skills.py                                  236    134    43%   132, 153-157, 161-165, 169-172, 202, 240, 248-249, 260-264, 284-295, 302, 307, 349-357, 404, 461, 479, 529-586, 598-610, 638-643, 648-649, 653-654, 682-697, 708-709, 720-721, 737-749
src/gobby/storage/task_dependencies.py                       109     79    28%   24, 34, 51, 57-78, 82-88, 92-96, 100-104, 108-112, 119-138, 153-181, 185-223
src/gobby/storage/tasks/__init__.py                            5      0   100%
src/gobby/storage/tasks/_aggregates.py                        38     32    16%   30-41, 57-67, 89-124, 145-180
src/gobby/storage/tasks/_crud.py                             211    197     7%   58-186, 209-223, 229-237, 242-243, 288-449
src/gobby/storage/tasks/_id.py                                36     31    14%   32-33, 56-104
src/gobby/storage/tasks/_lifecycle.py                        119    104    13%   47-101, 119-156, 161-167, 172-178, 201-220, 243-274, 296-346
src/gobby/storage/tasks/_manager.py                          179    112    37%   106-108, 112, 117-124, 139, 150, 163, 195-225, 245, 249, 253, 274, 314-357, 381-391, 407-409, 413-415, 419-421, 440-442, 461-463, 480-483, 507, 544, 570, 598, 621, 632, 646, 659, 707-727, 743-744, 750-752, 764-786, 790-791, 824-876, 890-898
src/gobby/storage/tasks/_models.py                            86     20    77%   45-48, 53-64, 147-153, 232, 292
src/gobby/storage/tasks/_ordering.py                          54     52     4%   21-119
src/gobby/storage/tasks/_path_cache.py                        38     31    18%   30-61, 74-81, 96-110
src/gobby/storage/tasks/_queries.py                          108    100     7%   49-114, 145-237, 258-304, 328-343
src/gobby/storage/tasks/_search.py                            45     31    31%   32-54, 83-90, 99-109, 123, 127, 131-132, 136-138, 142-143
src/gobby/storage/workflow_audit.py                           91     91     0%   7-393
src/gobby/storage/worktrees.py                               133     79    41%   47-54, 71, 92, 117-142, 158-159, 163-164, 168-172, 176-177, 198-224, 256-276, 288-289, 304, 316, 328, 340-341, 357, 377-392, 415-426, 438-447, 462, 481-501, 523-530, 547
src/gobby/sync/__init__.py                                     3      0   100%
src/gobby/sync/github.py                                      87     67    23%   42-43, 60-62, 98-102, 110, 134-164, 181-218, 243-281, 297-307, 323-333
src/gobby/sync/linear.py                                      73     53    27%   42-43, 60-62, 98-102, 110, 135-169, 186-213, 235-265, 276-284, 295-304
src/gobby/sync/memories.py                                   141    141     0%   16-284
src/gobby/sync/tasks.py                                      256    233     9%   35-43, 53-65, 81-100, 110-212, 222-376, 382-409, 421-434, 449-466, 483-617, 621-623, 632-641
src/gobby/tasks/__init__.py                                    2      0   100%
src/gobby/tasks/build_verification.py                         60     60     0%   6-193
src/gobby/tasks/commits.py                                   243    243     0%   6-633
src/gobby/tasks/enhanced_validator.py                         67     67     0%   6-219
src/gobby/tasks/escalation.py                                 67     67     0%   6-258
src/gobby/tasks/external_validator.py                        188    188     0%   11-760
src/gobby/tasks/issue_extraction.py                           65     65     0%   6-164
src/gobby/tasks/tree_builder.py                              103    103     0%   8-263
src/gobby/tasks/validation.py                                255    221    13%   99-109, 125-133, 149-159, 177-185, 203-211, 228-257, 275-297, 313-335, 367-419, 440-469, 489-495, 507-516, 543-645, 664-695
src/gobby/tasks/validation_history.py                         99     69    30%   61, 87-109, 120-127, 138-148, 156-162, 174-180, 214-239, 258-263, 281-298, 318-354
src/gobby/tasks/validation_models.py                          29      4    86%   53, 78-81
src/gobby/tools/__init__.py                                    0      0   100%
src/gobby/tools/summarizer.py                                 58     58     0%   8-170
src/gobby/tui/__init__.py                                      2      2     0%   3-5
src/gobby/tui/api_client.py                                  145    145     0%   3-281
src/gobby/tui/app.py                                         139    139     0%   3-327
src/gobby/tui/screens/__init__.py                             11     11     0%   3-14
src/gobby/tui/screens/agents.py                              146    146     0%   3-333
src/gobby/tui/screens/chat.py                                157    157     0%   3-450
src/gobby/tui/screens/dashboard.py                           155    155     0%   3-377
src/gobby/tui/screens/memory.py                              139    139     0%   3-305
src/gobby/tui/screens/metrics.py                              99     99     0%   3-231
src/gobby/tui/screens/orchestrator.py                        336    336     0%   3-904
src/gobby/tui/screens/sessions.py                            163    163     0%   3-412
src/gobby/tui/screens/tasks.py                               183    183     0%   3-442
src/gobby/tui/screens/workflows.py                           128    128     0%   3-289
src/gobby/tui/screens/worktrees.py                            83     83     0%   3-174
src/gobby/tui/widgets/__init__.py                              8      8     0%   3-11
src/gobby/tui/widgets/chat.py                                 61     61     0%   3-210
src/gobby/tui/widgets/conductor.py                            41     41     0%   3-104
src/gobby/tui/widgets/menu.py                                 56     56     0%   3-132
src/gobby/tui/widgets/message_panel.py                        49     49     0%   3-160
src/gobby/tui/widgets/review_gate.py                          95     95     0%   3-224
src/gobby/tui/widgets/task_tree.py                            43     43     0%   3-99
src/gobby/tui/widgets/token_budget.py                         63     63     0%   3-166
src/gobby/tui/ws_client.py                                   139    139     0%   3-258
src/gobby/utils/__init__.py                                    1      0   100%
src/gobby/utils/daemon_client.py                              68     68     0%   26-230
src/gobby/utils/git.py                                        79     65    18%   38-62, 76-95, 110-122, 149-180, 197-205, 220-222
src/gobby/utils/id.py                                         14      4    71%   25, 27, 29, 36
src/gobby/utils/json_helpers.py                               58     49    16%   45-82, 97-109, 148-161
src/gobby/utils/logging.py                                   137    137     0%   8-376
src/gobby/utils/machine_id.py                                 48     48     0%   7-135
src/gobby/utils/metrics.py                                   206    206     0%   8-589
src/gobby/utils/project_context.py                            68     55    19%   29-38, 59-71, 90-101, 114-115, 128, 141-155, 168-182
src/gobby/utils/project_init.py                              113     87    23%   31-42, 70-125, 151-218, 244-263
src/gobby/utils/status.py                                    132    132     0%   7-256
src/gobby/utils/validation.py                                 32     32     0%   3-76
src/gobby/utils/version.py                                     6      6     0%   3-23
src/gobby/workflows/__init__.py                                2      0   100%
src/gobby/workflows/actions.py                               479    479     0%   1-1370
src/gobby/workflows/approval_flow.py                          53     53     0%   8-138
src/gobby/workflows/artifact_actions.py                       46     46     0%   7-103
src/gobby/workflows/audit_helpers.py                          27     27     0%   8-110
src/gobby/workflows/autonomous_actions.py                     60     60     0%   9-276
src/gobby/workflows/context_actions.py                       216    216     0%   7-437
src/gobby/workflows/definitions.py                            76      5    93%   65, 85-88
src/gobby/workflows/detection_helpers.py                      90     90     0%   9-208
src/gobby/workflows/engine.py                                179    179     0%   1-485
src/gobby/workflows/evaluator.py                             255    255     0%   1-665
src/gobby/workflows/git_utils.py                              36     36     0%   7-96
src/gobby/workflows/hooks.py                                  72     72     0%   1-169
src/gobby/workflows/lifecycle_evaluator.py                   221    221     0%   8-608
src/gobby/workflows/llm_actions.py                            26     26     0%   7-70
src/gobby/workflows/loader.py                                146    146     0%   1-328
src/gobby/workflows/mcp_actions.py                            23     23     0%   7-60
src/gobby/workflows/memory_actions.py                        126    126     0%   7-346
src/gobby/workflows/premature_stop.py                         52     52     0%   9-156
src/gobby/workflows/session_actions.py                        52     52     0%   7-139
src/gobby/workflows/state_actions.py                          42     42     0%   7-123
src/gobby/workflows/state_manager.py                          22     11    50%   18, 21-55, 59, 104
src/gobby/workflows/stop_signal_actions.py                    37     37     0%   7-163
src/gobby/workflows/summary_actions.py                       139    139     0%   7-344
src/gobby/workflows/task_actions.py                           70     70     0%   9-243
src/gobby/workflows/task_enforcement_actions.py              348    348     0%   8-1017
src/gobby/workflows/templates.py                              24     24     0%   1-52
src/gobby/workflows/todo_actions.py                           38     38     0%   7-84
src/gobby/workflows/webhook.py                                95     95     0%   8-223
src/gobby/workflows/webhook_executor.py                      124    124     0%   8-393
src/gobby/worktrees/__init__.py                                2      2     0%   3-5
src/gobby/worktrees/git.py                                   242    242     0%   3-690
src/gobby/worktrees/merge/__init__.py                          3      3     0%   3-12
src/gobby/worktrees/merge/conflict_parser.py                  79     79     0%   7-167
src/gobby/worktrees/merge/resolver.py                        162    162     0%   10-485
----------------------------------------------------------------------------------------
TOTAL                                                      38889  35990     7%
Coverage HTML written to dir htmlcov
=========================== short test summary info ============================
FAILED tests/mcp_proxy/tools/skills/test_get_skill.py::TestGetSkillTool::test_get_skill_by_name - RuntimeError: This event loop is already running
FAILED tests/mcp_proxy/tools/skills/test_get_skill.py::TestGetSkillTool::test_get_skill_returns_full_content - RuntimeError: This event loop is already running
FAILED tests/mcp_proxy/tools/skills/test_get_skill.py::TestGetSkillTool::test_get_skill_returns_all_fields - RuntimeError: This event loop is already running
FAILED tests/mcp_proxy/tools/skills/test_get_skill.py::TestGetSkillTool::test_get_skill_returns_metadata - RuntimeError: This event loop is already running
FAILED tests/mcp_proxy/tools/skills/test_get_skill.py::TestGetSkillTool::test_get_skill_not_found - RuntimeError: This event loop is already running
FAILED tests/mcp_proxy/tools/skills/test_get_skill.py::TestGetSkillTool::test_get_skill_by_id - RuntimeError: This event loop is already running
FAILED tests/mcp_proxy/tools/skills/test_get_skill.py::TestGetSkillTool::test_get_skill_prefers_id_over_name - RuntimeError: This event loop is already running
FAILED tests/mcp_proxy/tools/skills/test_get_skill.py::TestGetSkillTool::test_get_skill_requires_identifier - RuntimeError: This event loop is already running
FAILED tests/mcp_proxy/tools/skills/test_get_skill.py::TestGetSkillTool::test_get_skill_minimal_fields - RuntimeError: This event loop is already running
============================== 9 failed in 16.18s ==============================
